----------------------------------------------------------------
2011-08-28 14:12:51.349 GMT:
 Booting Derby version The Apache Software Foundation - Apache Derby - 10.4.2.0 - (689064): instance a816c00e-0132-10bc-4179-000004e19e70
on database directory /home/hdpro/hive_script/metastore_db  

Database Class Loader started - derby.database.classpath=''
----------------------------------------------------------------
2011-08-28 14:16:28.060 GMT:
 Booting Derby version The Apache Software Foundation - Apache Derby - 10.4.2.0 - (689064): instance 44ee8065-0132-10bc-4179-000004e19e70
on database directory /home/hdpro/hive_script/TempStatsStore  

Database Class Loader started - derby.database.classpath=''

2011-08-28 14:16:28.630 GMT:
Shutting down instance 44ee8065-0132-10bc-4179-000004e19e70
----------------------------------------------------------------
----------------------------------------------------------------
2011-08-28 14:19:27.749 GMT:
 Booting Derby version The Apache Software Foundation - Apache Derby - 10.4.2.0 - (689064): instance 05550069-0132-10bc-4179-000004e19e70
on database directory /home/hdpro/hive_script/TempStatsStore  

Database Class Loader started - derby.database.classpath=''

2011-08-28 14:19:31.315 GMT:
Shutting down instance 05550069-0132-10bc-4179-000004e19e70
----------------------------------------------------------------
